[0.234s] DEBUG:colcon:Command line arguments: ['/usr/bin/colcon', 'build', '--packages-select', 'vikranth_gazebo']
[0.235s] DEBUG:colcon:Parsed command line arguments: Namespace(log_base=None, log_level=None, verb_name='build', build_base='build', install_base='install', merge_install=False, symlink_install=False, test_result_base=None, continue_on_error=False, executor='parallel', parallel_workers=8, event_handlers=None, ignore_user_meta=False, metas=['./colcon.meta'], base_paths=['.'], packages_ignore=None, packages_ignore_regex=None, paths=None, packages_up_to=None, packages_up_to_regex=None, packages_above=None, packages_above_and_dependencies=None, packages_above_depth=None, packages_select_by_dep=None, packages_skip_by_dep=None, packages_skip_up_to=None, packages_select_build_failed=False, packages_skip_build_finished=False, packages_select_test_failures=False, packages_skip_test_passed=False, packages_select=['vikranth_gazebo'], packages_skip=None, packages_select_regex=None, packages_skip_regex=None, packages_start=None, packages_end=None, allow_overriding=[], cmake_args=None, cmake_target=None, cmake_target_skip_unavailable=False, cmake_clean_cache=False, cmake_clean_first=False, cmake_force_configure=False, ament_cmake_args=None, catkin_cmake_args=None, catkin_skip_building_tests=False, mixin_files=None, mixin=None, verb_parser=<colcon_mixin.mixin.mixin_argument.MixinArgumentDecorator object at 0x769287a8c2b0>, verb_extension=<colcon_core.verb.build.BuildVerb object at 0x769287a53d90>, main=<bound method BuildVerb.main of <colcon_core.verb.build.BuildVerb object at 0x769287a53d90>>, mixin_verb=('build',))
[0.505s] Level 1:colcon.colcon_core.package_discovery:discover_packages(colcon_meta) check parameters
[0.506s] Level 1:colcon.colcon_core.package_discovery:discover_packages(recursive) check parameters
[0.506s] Level 1:colcon.colcon_core.package_discovery:discover_packages(ignore) check parameters
[0.506s] Level 1:colcon.colcon_core.package_discovery:discover_packages(path) check parameters
[0.506s] Level 1:colcon.colcon_core.package_discovery:discover_packages(colcon_meta) discover
[0.506s] Level 1:colcon.colcon_core.package_discovery:discover_packages(recursive) discover
[0.506s] INFO:colcon.colcon_core.package_discovery:Crawling recursively for packages in '/home/vikranth/turtlebot3_ws/src/vikranth_gazebo'
[0.506s] Level 1:colcon.colcon_core.package_identification:_identify(.) by extensions ['ignore', 'ignore_ament_install']
[0.506s] Level 1:colcon.colcon_core.package_identification:_identify(.) by extension 'ignore'
[0.506s] Level 1:colcon.colcon_core.package_identification:_identify(.) by extension 'ignore_ament_install'
[0.506s] Level 1:colcon.colcon_core.package_identification:_identify(.) by extensions ['colcon_pkg']
[0.506s] Level 1:colcon.colcon_core.package_identification:_identify(.) by extension 'colcon_pkg'
[0.506s] Level 1:colcon.colcon_core.package_identification:_identify(.) by extensions ['colcon_meta']
[0.506s] Level 1:colcon.colcon_core.package_identification:_identify(.) by extension 'colcon_meta'
[0.506s] Level 1:colcon.colcon_core.package_identification:_identify(.) by extensions ['ros']
[0.506s] Level 1:colcon.colcon_core.package_identification:_identify(.) by extension 'ros'
[0.521s] DEBUG:colcon.colcon_core.package_identification:Package '.' with type 'ros.ament_python' and name 'vikranth_gazebo'
[0.521s] Level 1:colcon.colcon_core.package_discovery:discover_packages(recursive) using defaults
[0.521s] Level 1:colcon.colcon_core.package_discovery:discover_packages(ignore) discover
[0.522s] Level 1:colcon.colcon_core.package_discovery:discover_packages(ignore) using defaults
[0.522s] Level 1:colcon.colcon_core.package_discovery:discover_packages(path) discover
[0.522s] Level 1:colcon.colcon_core.package_discovery:discover_packages(path) using defaults
[0.562s] Level 1:colcon.colcon_core.package_discovery:discover_packages(prefix_path) check parameters
[0.562s] Level 1:colcon.colcon_core.package_discovery:discover_packages(prefix_path) discover
[0.567s] DEBUG:colcon.colcon_installed_package_information.package_discovery:Found 19 installed packages in /home/vikranth/turtlebot3_ws/install
[0.569s] DEBUG:colcon.colcon_installed_package_information.package_discovery:Found 464 installed packages in /opt/ros/humble
[0.571s] Level 1:colcon.colcon_core.package_discovery:discover_packages(prefix_path) using defaults
[0.643s] Level 5:colcon.colcon_core.verb:set package 'vikranth_gazebo' build argument 'cmake_args' from command line to 'None'
[0.643s] Level 5:colcon.colcon_core.verb:set package 'vikranth_gazebo' build argument 'cmake_target' from command line to 'None'
[0.643s] Level 5:colcon.colcon_core.verb:set package 'vikranth_gazebo' build argument 'cmake_target_skip_unavailable' from command line to 'False'
[0.643s] Level 5:colcon.colcon_core.verb:set package 'vikranth_gazebo' build argument 'cmake_clean_cache' from command line to 'False'
[0.643s] Level 5:colcon.colcon_core.verb:set package 'vikranth_gazebo' build argument 'cmake_clean_first' from command line to 'False'
[0.643s] Level 5:colcon.colcon_core.verb:set package 'vikranth_gazebo' build argument 'cmake_force_configure' from command line to 'False'
[0.643s] Level 5:colcon.colcon_core.verb:set package 'vikranth_gazebo' build argument 'ament_cmake_args' from command line to 'None'
[0.643s] Level 5:colcon.colcon_core.verb:set package 'vikranth_gazebo' build argument 'catkin_cmake_args' from command line to 'None'
[0.643s] Level 5:colcon.colcon_core.verb:set package 'vikranth_gazebo' build argument 'catkin_skip_building_tests' from command line to 'False'
[0.643s] DEBUG:colcon.colcon_core.verb:Building package 'vikranth_gazebo' with the following arguments: {'ament_cmake_args': None, 'build_base': '/home/vikranth/turtlebot3_ws/src/vikranth_gazebo/build/vikranth_gazebo', 'catkin_cmake_args': None, 'catkin_skip_building_tests': False, 'cmake_args': None, 'cmake_clean_cache': False, 'cmake_clean_first': False, 'cmake_force_configure': False, 'cmake_target': None, 'cmake_target_skip_unavailable': False, 'install_base': '/home/vikranth/turtlebot3_ws/src/vikranth_gazebo/install/vikranth_gazebo', 'merge_install': False, 'path': '/home/vikranth/turtlebot3_ws/src/vikranth_gazebo', 'symlink_install': False, 'test_result_base': None}
[0.643s] INFO:colcon.colcon_core.executor:Executing jobs using 'parallel' executor
[0.645s] DEBUG:colcon.colcon_parallel_executor.executor.parallel:run_until_complete
[0.645s] INFO:colcon.colcon_ros.task.ament_python.build:Building ROS package in '/home/vikranth/turtlebot3_ws/src/vikranth_gazebo' with build type 'ament_python'
[0.645s] Level 1:colcon.colcon_core.shell:create_environment_hook('vikranth_gazebo', 'ament_prefix_path')
[0.649s] INFO:colcon.colcon_core.plugin_system:Skipping extension 'colcon_core.shell.bat': Not used on non-Windows systems
[0.649s] INFO:colcon.colcon_core.shell:Creating environment hook '/home/vikranth/turtlebot3_ws/src/vikranth_gazebo/install/vikranth_gazebo/share/vikranth_gazebo/hook/ament_prefix_path.ps1'
[0.650s] INFO:colcon.colcon_core.shell:Creating environment descriptor '/home/vikranth/turtlebot3_ws/src/vikranth_gazebo/install/vikranth_gazebo/share/vikranth_gazebo/hook/ament_prefix_path.dsv'
[0.651s] INFO:colcon.colcon_core.shell:Creating environment hook '/home/vikranth/turtlebot3_ws/src/vikranth_gazebo/install/vikranth_gazebo/share/vikranth_gazebo/hook/ament_prefix_path.sh'
[0.652s] INFO:colcon.colcon_core.shell:Skip shell extension 'powershell' for command environment: Not usable outside of PowerShell
[0.652s] DEBUG:colcon.colcon_core.shell:Skip shell extension 'dsv' for command environment
[0.966s] INFO:colcon.colcon_core.task.python.build:Building Python package in '/home/vikranth/turtlebot3_ws/src/vikranth_gazebo'
[0.967s] INFO:colcon.colcon_core.shell:Skip shell extension 'powershell' for command environment: Not usable outside of PowerShell
[0.967s] DEBUG:colcon.colcon_core.shell:Skip shell extension 'dsv' for command environment
[1.489s] DEBUG:colcon.colcon_core.event_handler.log_command:Invoking command in '/home/vikranth/turtlebot3_ws/src/vikranth_gazebo': PYTHONPATH=/home/vikranth/turtlebot3_ws/src/vikranth_gazebo/build/vikranth_gazebo/prefix_override:/usr/lib/python3/dist-packages/colcon_core/task/python/colcon_distutils_commands:/home/vikranth/turtlebot3_ws/src/vikranth_gazebo/install/vikranth_gazebo/lib/python3.10/site-packages:${PYTHONPATH} /usr/bin/python3 -W ignore:setup.py install is deprecated -W ignore:easy_install command is deprecated setup.py egg_info --egg-base build/vikranth_gazebo build --build-base /home/vikranth/turtlebot3_ws/src/vikranth_gazebo/build/vikranth_gazebo/build install --record /home/vikranth/turtlebot3_ws/src/vikranth_gazebo/build/vikranth_gazebo/install.log --single-version-externally-managed install_data
[1.867s] DEBUG:colcon.colcon_core.event_handler.log_command:Invoked command in '/home/vikranth/turtlebot3_ws/src/vikranth_gazebo' returned '0': PYTHONPATH=/home/vikranth/turtlebot3_ws/src/vikranth_gazebo/build/vikranth_gazebo/prefix_override:/usr/lib/python3/dist-packages/colcon_core/task/python/colcon_distutils_commands:/home/vikranth/turtlebot3_ws/src/vikranth_gazebo/install/vikranth_gazebo/lib/python3.10/site-packages:${PYTHONPATH} /usr/bin/python3 -W ignore:setup.py install is deprecated -W ignore:easy_install command is deprecated setup.py egg_info --egg-base build/vikranth_gazebo build --build-base /home/vikranth/turtlebot3_ws/src/vikranth_gazebo/build/vikranth_gazebo/build install --record /home/vikranth/turtlebot3_ws/src/vikranth_gazebo/build/vikranth_gazebo/install.log --single-version-externally-managed install_data
[1.873s] Level 1:colcon.colcon_core.environment:checking '/home/vikranth/turtlebot3_ws/src/vikranth_gazebo/install/vikranth_gazebo' for CMake module files
[1.873s] Level 1:colcon.colcon_core.environment:checking '/home/vikranth/turtlebot3_ws/src/vikranth_gazebo/install/vikranth_gazebo' for CMake config files
[1.873s] Level 1:colcon.colcon_core.environment:checking '/home/vikranth/turtlebot3_ws/src/vikranth_gazebo/install/vikranth_gazebo/lib'
[1.874s] Level 1:colcon.colcon_core.environment:checking '/home/vikranth/turtlebot3_ws/src/vikranth_gazebo/install/vikranth_gazebo/bin'
[1.874s] Level 1:colcon.colcon_core.environment:checking '/home/vikranth/turtlebot3_ws/src/vikranth_gazebo/install/vikranth_gazebo/lib/pkgconfig/vikranth_gazebo.pc'
[1.874s] Level 1:colcon.colcon_core.environment:checking '/home/vikranth/turtlebot3_ws/src/vikranth_gazebo/install/vikranth_gazebo/lib/python3.10/site-packages'
[1.874s] Level 1:colcon.colcon_core.shell:create_environment_hook('vikranth_gazebo', 'pythonpath')
[1.875s] INFO:colcon.colcon_core.shell:Creating environment hook '/home/vikranth/turtlebot3_ws/src/vikranth_gazebo/install/vikranth_gazebo/share/vikranth_gazebo/hook/pythonpath.ps1'
[1.875s] INFO:colcon.colcon_core.shell:Creating environment descriptor '/home/vikranth/turtlebot3_ws/src/vikranth_gazebo/install/vikranth_gazebo/share/vikranth_gazebo/hook/pythonpath.dsv'
[1.875s] INFO:colcon.colcon_core.shell:Creating environment hook '/home/vikranth/turtlebot3_ws/src/vikranth_gazebo/install/vikranth_gazebo/share/vikranth_gazebo/hook/pythonpath.sh'
[1.876s] Level 1:colcon.colcon_core.environment:checking '/home/vikranth/turtlebot3_ws/src/vikranth_gazebo/install/vikranth_gazebo/bin'
[1.876s] Level 1:colcon.colcon_core.environment:create_environment_scripts_only(vikranth_gazebo)
[1.876s] INFO:colcon.colcon_core.shell:Creating package script '/home/vikranth/turtlebot3_ws/src/vikranth_gazebo/install/vikranth_gazebo/share/vikranth_gazebo/package.ps1'
[1.877s] INFO:colcon.colcon_core.shell:Creating package descriptor '/home/vikranth/turtlebot3_ws/src/vikranth_gazebo/install/vikranth_gazebo/share/vikranth_gazebo/package.dsv'
[1.878s] INFO:colcon.colcon_core.shell:Creating package script '/home/vikranth/turtlebot3_ws/src/vikranth_gazebo/install/vikranth_gazebo/share/vikranth_gazebo/package.sh'
[1.880s] INFO:colcon.colcon_core.shell:Creating package script '/home/vikranth/turtlebot3_ws/src/vikranth_gazebo/install/vikranth_gazebo/share/vikranth_gazebo/package.bash'
[1.882s] INFO:colcon.colcon_core.shell:Creating package script '/home/vikranth/turtlebot3_ws/src/vikranth_gazebo/install/vikranth_gazebo/share/vikranth_gazebo/package.zsh'
[1.883s] Level 1:colcon.colcon_core.environment:create_file_with_runtime_dependencies(/home/vikranth/turtlebot3_ws/src/vikranth_gazebo/install/vikranth_gazebo/share/colcon-core/packages/vikranth_gazebo)
[1.883s] DEBUG:colcon.colcon_parallel_executor.executor.parallel:closing loop
[1.884s] DEBUG:colcon.colcon_parallel_executor.executor.parallel:loop closed
[1.884s] DEBUG:colcon.colcon_parallel_executor.executor.parallel:run_until_complete finished with '0'
[1.884s] DEBUG:colcon.colcon_core.event_reactor:joining thread
[1.892s] INFO:colcon.colcon_core.plugin_system:Skipping extension 'colcon_notification.desktop_notification.terminal_notifier': Not used on non-Darwin systems
[1.892s] INFO:colcon.colcon_core.plugin_system:Skipping extension 'colcon_notification.desktop_notification.win32': Not used on non-Windows systems
[1.892s] INFO:colcon.colcon_notification.desktop_notification:Sending desktop notification using 'notify2'
[1.911s] DEBUG:colcon.colcon_core.event_reactor:joined thread
[1.911s] INFO:colcon.colcon_core.shell:Creating prefix script '/home/vikranth/turtlebot3_ws/src/vikranth_gazebo/install/local_setup.ps1'
[1.913s] INFO:colcon.colcon_core.shell:Creating prefix util module '/home/vikranth/turtlebot3_ws/src/vikranth_gazebo/install/_local_setup_util_ps1.py'
[1.914s] INFO:colcon.colcon_core.shell:Creating prefix chain script '/home/vikranth/turtlebot3_ws/src/vikranth_gazebo/install/setup.ps1'
[1.916s] INFO:colcon.colcon_core.shell:Creating prefix script '/home/vikranth/turtlebot3_ws/src/vikranth_gazebo/install/local_setup.sh'
[1.917s] INFO:colcon.colcon_core.shell:Creating prefix util module '/home/vikranth/turtlebot3_ws/src/vikranth_gazebo/install/_local_setup_util_sh.py'
[1.918s] INFO:colcon.colcon_core.shell:Creating prefix chain script '/home/vikranth/turtlebot3_ws/src/vikranth_gazebo/install/setup.sh'
[1.920s] INFO:colcon.colcon_core.shell:Creating prefix script '/home/vikranth/turtlebot3_ws/src/vikranth_gazebo/install/local_setup.bash'
[1.921s] INFO:colcon.colcon_core.shell:Creating prefix chain script '/home/vikranth/turtlebot3_ws/src/vikranth_gazebo/install/setup.bash'
[1.924s] INFO:colcon.colcon_core.shell:Creating prefix script '/home/vikranth/turtlebot3_ws/src/vikranth_gazebo/install/local_setup.zsh'
[1.925s] INFO:colcon.colcon_core.shell:Creating prefix chain script '/home/vikranth/turtlebot3_ws/src/vikranth_gazebo/install/setup.zsh'
