[0.735s] Invoking command in '/home/vikranth/turtlebot3_ws/src/vikranth_gazebo': PYTHONPATH=/home/vikranth/turtlebot3_ws/src/vikranth_gazebo/build/vikranth_gazebo/prefix_override:/usr/lib/python3/dist-packages/colcon_core/task/python/colcon_distutils_commands:/home/vikranth/turtlebot3_ws/src/vikranth_gazebo/install/vikranth_gazebo/lib/python3.10/site-packages:${PYTHONPATH} /usr/bin/python3 -W ignore:setup.py install is deprecated -W ignore:easy_install command is deprecated setup.py egg_info --egg-base build/vikranth_gazebo build --build-base /home/vikranth/turtlebot3_ws/src/vikranth_gazebo/build/vikranth_gazebo/build install --record /home/vikranth/turtlebot3_ws/src/vikranth_gazebo/build/vikranth_gazebo/install.log --single-version-externally-managed install_data
[0.988s] running egg_info
[0.988s] writing build/vikranth_gazebo/vikranth_gazebo.egg-info/PKG-INFO
[0.989s] writing dependency_links to build/vikranth_gazebo/vikranth_gazebo.egg-info/dependency_links.txt
[0.989s] writing entry points to build/vikranth_gazebo/vikranth_gazebo.egg-info/entry_points.txt
[0.990s] writing requirements to build/vikranth_gazebo/vikranth_gazebo.egg-info/requires.txt
[0.990s] writing top-level names to build/vikranth_gazebo/vikranth_gazebo.egg-info/top_level.txt
[0.992s] reading manifest file 'build/vikranth_gazebo/vikranth_gazebo.egg-info/SOURCES.txt'
[0.993s] writing manifest file 'build/vikranth_gazebo/vikranth_gazebo.egg-info/SOURCES.txt'
[0.993s] running build
[0.993s] running build_py
[0.994s] running install
[0.994s] running install_lib
[0.996s] running install_data
[0.996s] running install_egg_info
[0.998s] removing '/home/vikranth/turtlebot3_ws/src/vikranth_gazebo/install/vikranth_gazebo/lib/python3.10/site-packages/vikranth_gazebo-0.0.0-py3.10.egg-info' (and everything under it)
[0.998s] Copying build/vikranth_gazebo/vikranth_gazebo.egg-info to /home/vikranth/turtlebot3_ws/src/vikranth_gazebo/install/vikranth_gazebo/lib/python3.10/site-packages/vikranth_gazebo-0.0.0-py3.10.egg-info
[0.999s] running install_scripts
[1.020s] Installing hybrid_nav script to /home/vikranth/turtlebot3_ws/src/vikranth_gazebo/install/vikranth_gazebo/lib/vikranth_gazebo
[1.020s] Installing reactive_nav script to /home/vikranth/turtlebot3_ws/src/vikranth_gazebo/install/vikranth_gazebo/lib/vikranth_gazebo
[1.020s] Installing spa_nav script to /home/vikranth/turtlebot3_ws/src/vikranth_gazebo/install/vikranth_gazebo/lib/vikranth_gazebo
[1.020s] writing list of installed files to '/home/vikranth/turtlebot3_ws/src/vikranth_gazebo/build/vikranth_gazebo/install.log'
[1.043s] Invoked command in '/home/vikranth/turtlebot3_ws/src/vikranth_gazebo' returned '0': PYTHONPATH=/home/vikranth/turtlebot3_ws/src/vikranth_gazebo/build/vikranth_gazebo/prefix_override:/usr/lib/python3/dist-packages/colcon_core/task/python/colcon_distutils_commands:/home/vikranth/turtlebot3_ws/src/vikranth_gazebo/install/vikranth_gazebo/lib/python3.10/site-packages:${PYTHONPATH} /usr/bin/python3 -W ignore:setup.py install is deprecated -W ignore:easy_install command is deprecated setup.py egg_info --egg-base build/vikranth_gazebo build --build-base /home/vikranth/turtlebot3_ws/src/vikranth_gazebo/build/vikranth_gazebo/build install --record /home/vikranth/turtlebot3_ws/src/vikranth_gazebo/build/vikranth_gazebo/install.log --single-version-externally-managed install_data
