running egg_info
writing build/vikranth_gazebo/vikranth_gazebo.egg-info/PKG-INFO
writing dependency_links to build/vikranth_gazebo/vikranth_gazebo.egg-info/dependency_links.txt
writing entry points to build/vikranth_gazebo/vikranth_gazebo.egg-info/entry_points.txt
writing requirements to build/vikranth_gazebo/vikranth_gazebo.egg-info/requires.txt
writing top-level names to build/vikranth_gazebo/vikranth_gazebo.egg-info/top_level.txt
reading manifest file 'build/vikranth_gazebo/vikranth_gazebo.egg-info/SOURCES.txt'
writing manifest file 'build/vikranth_gazebo/vikranth_gazebo.egg-info/SOURCES.txt'
running build
running build_py
running install
running install_lib
running install_data
running install_egg_info
removing '/home/vikranth/turtlebot3_ws/src/vikranth_gazebo/install/vikranth_gazebo/lib/python3.10/site-packages/vikranth_gazebo-0.0.0-py3.10.egg-info' (and everything under it)
Copying build/vikranth_gazebo/vikranth_gazebo.egg-info to /home/vikranth/turtlebot3_ws/src/vikranth_gazebo/install/vikranth_gazebo/lib/python3.10/site-packages/vikranth_gazebo-0.0.0-py3.10.egg-info
running install_scripts
Installing hybrid_nav script to /home/vikranth/turtlebot3_ws/src/vikranth_gazebo/install/vikranth_gazebo/lib/vikranth_gazebo
Installing reactive_nav script to /home/vikranth/turtlebot3_ws/src/vikranth_gazebo/install/vikranth_gazebo/lib/vikranth_gazebo
Installing spa_nav script to /home/vikranth/turtlebot3_ws/src/vikranth_gazebo/install/vikranth_gazebo/lib/vikranth_gazebo
writing list of installed files to '/home/vikranth/turtlebot3_ws/src/vikranth_gazebo/build/vikranth_gazebo/install.log'
