/home/vikranth/turtlebot3_ws/src/vikranth_gazebo/install/vikranth_gazebo/lib/python3.10/site-packages/vikranth_gazebo/hybrid_nav.py
/home/vikranth/turtlebot3_ws/src/vikranth_gazebo/install/vikranth_gazebo/lib/python3.10/site-packages/vikranth_gazebo/reactive_nav.py
/home/vikranth/turtlebot3_ws/src/vikranth_gazebo/install/vikranth_gazebo/lib/python3.10/site-packages/vikranth_gazebo/__init__.py
/home/vikranth/turtlebot3_ws/src/vikranth_gazebo/install/vikranth_gazebo/lib/python3.10/site-packages/vikranth_gazebo/spa_nav.py
/home/vikranth/turtlebot3_ws/src/vikranth_gazebo/install/vikranth_gazebo/lib/python3.10/site-packages/vikranth_gazebo/__pycache__/hybrid_nav.cpython-310.pyc
/home/vikranth/turtlebot3_ws/src/vikranth_gazebo/install/vikranth_gazebo/lib/python3.10/site-packages/vikranth_gazebo/__pycache__/reactive_nav.cpython-310.pyc
/home/vikranth/turtlebot3_ws/src/vikranth_gazebo/install/vikranth_gazebo/lib/python3.10/site-packages/vikranth_gazebo/__pycache__/__init__.cpython-310.pyc
/home/vikranth/turtlebot3_ws/src/vikranth_gazebo/install/vikranth_gazebo/lib/python3.10/site-packages/vikranth_gazebo/__pycache__/spa_nav.cpython-310.pyc
/home/vikranth/turtlebot3_ws/src/vikranth_gazebo/install/vikranth_gazebo/share/ament_index/resource_index/packages/vikranth_gazebo
/home/vikranth/turtlebot3_ws/src/vikranth_gazebo/install/vikranth_gazebo/share/vikranth_gazebo/package.xml
/home/vikranth/turtlebot3_ws/src/vikranth_gazebo/install/vikranth_gazebo/share/vikranth_gazebo/launch/reactive_nav.launch.py
/home/vikranth/turtlebot3_ws/src/vikranth_gazebo/install/vikranth_gazebo/share/vikranth_gazebo/launch/spa_nav.launch.py
/home/vikranth/turtlebot3_ws/src/vikranth_gazebo/install/vikranth_gazebo/share/vikranth_gazebo/launch/hybrid_nav.launch.py
/home/vikranth/turtlebot3_ws/src/vikranth_gazebo/install/vikranth_gazebo/lib/python3.10/site-packages/vikranth_gazebo-0.0.0-py3.10.egg-info/PKG-INFO
/home/vikranth/turtlebot3_ws/src/vikranth_gazebo/install/vikranth_gazebo/lib/python3.10/site-packages/vikranth_gazebo-0.0.0-py3.10.egg-info/SOURCES.txt
/home/vikranth/turtlebot3_ws/src/vikranth_gazebo/install/vikranth_gazebo/lib/python3.10/site-packages/vikranth_gazebo-0.0.0-py3.10.egg-info/requires.txt
/home/vikranth/turtlebot3_ws/src/vikranth_gazebo/install/vikranth_gazebo/lib/python3.10/site-packages/vikranth_gazebo-0.0.0-py3.10.egg-info/zip-safe
/home/vikranth/turtlebot3_ws/src/vikranth_gazebo/install/vikranth_gazebo/lib/python3.10/site-packages/vikranth_gazebo-0.0.0-py3.10.egg-info/entry_points.txt
/home/vikranth/turtlebot3_ws/src/vikranth_gazebo/install/vikranth_gazebo/lib/python3.10/site-packages/vikranth_gazebo-0.0.0-py3.10.egg-info/dependency_links.txt
/home/vikranth/turtlebot3_ws/src/vikranth_gazebo/install/vikranth_gazebo/lib/python3.10/site-packages/vikranth_gazebo-0.0.0-py3.10.egg-info/top_level.txt
/home/vikranth/turtlebot3_ws/src/vikranth_gazebo/install/vikranth_gazebo/lib/vikranth_gazebo/hybrid_nav
/home/vikranth/turtlebot3_ws/src/vikranth_gazebo/install/vikranth_gazebo/lib/vikranth_gazebo/reactive_nav
/home/vikranth/turtlebot3_ws/src/vikranth_gazebo/install/vikranth_gazebo/lib/vikranth_gazebo/spa_nav
