[0.165s] DEBUG:colcon:Command line arguments: ['/usr/bin/colcon', 'build', '--packages-select', 'vikranth_gazebo']
[0.165s] DEBUG:colcon:Parsed command line arguments: Namespace(log_base=None, log_level=None, verb_name='build', build_base='build', install_base='install', merge_install=False, symlink_install=False, test_result_base=None, continue_on_error=False, executor='parallel', parallel_workers=8, event_handlers=None, ignore_user_meta=False, metas=['./colcon.meta'], base_paths=['.'], packages_ignore=None, packages_ignore_regex=None, paths=None, packages_up_to=None, packages_up_to_regex=None, packages_above=None, packages_above_and_dependencies=None, packages_above_depth=None, packages_select_by_dep=None, packages_skip_by_dep=None, packages_skip_up_to=None, packages_select_build_failed=False, packages_skip_build_finished=False, packages_select_test_failures=False, packages_skip_test_passed=False, packages_select=['vikranth_gazebo'], packages_skip=None, packages_select_regex=None, packages_skip_regex=None, packages_start=None, packages_end=None, allow_overriding=[], cmake_args=None, cmake_target=None, cmake_target_skip_unavailable=False, cmake_clean_cache=False, cmake_clean_first=False, cmake_force_configure=False, ament_cmake_args=None, catkin_cmake_args=None, catkin_skip_building_tests=False, mixin_files=None, mixin=None, verb_parser=<colcon_mixin.mixin.mixin_argument.MixinArgumentDecorator object at 0x7a62deb84520>, verb_extension=<colcon_core.verb.build.BuildVerb object at 0x7a62deb4ff70>, main=<bound method BuildVerb.main of <colcon_core.verb.build.BuildVerb object at 0x7a62deb4ff70>>, mixin_verb=('build',))
[0.353s] Level 1:colcon.colcon_core.package_discovery:discover_packages(colcon_meta) check parameters
[0.353s] Level 1:colcon.colcon_core.package_discovery:discover_packages(recursive) check parameters
[0.353s] Level 1:colcon.colcon_core.package_discovery:discover_packages(ignore) check parameters
[0.353s] Level 1:colcon.colcon_core.package_discovery:discover_packages(path) check parameters
[0.354s] Level 1:colcon.colcon_core.package_discovery:discover_packages(colcon_meta) discover
[0.354s] Level 1:colcon.colcon_core.package_discovery:discover_packages(recursive) discover
[0.354s] INFO:colcon.colcon_core.package_discovery:Crawling recursively for packages in '/home/vikranth/turtlebot3_ws/src/vikranth_gazebo'
[0.354s] Level 1:colcon.colcon_core.package_identification:_identify(.) by extensions ['ignore', 'ignore_ament_install']
[0.354s] Level 1:colcon.colcon_core.package_identification:_identify(.) by extension 'ignore'
[0.354s] Level 1:colcon.colcon_core.package_identification:_identify(.) by extension 'ignore_ament_install'
[0.354s] Level 1:colcon.colcon_core.package_identification:_identify(.) by extensions ['colcon_pkg']
[0.354s] Level 1:colcon.colcon_core.package_identification:_identify(.) by extension 'colcon_pkg'
[0.354s] Level 1:colcon.colcon_core.package_identification:_identify(.) by extensions ['colcon_meta']
[0.355s] Level 1:colcon.colcon_core.package_identification:_identify(.) by extension 'colcon_meta'
[0.355s] Level 1:colcon.colcon_core.package_identification:_identify(.) by extensions ['ros']
[0.355s] Level 1:colcon.colcon_core.package_identification:_identify(.) by extension 'ros'
[0.372s] DEBUG:colcon.colcon_core.package_identification:Package '.' with type 'ros.ament_python' and name 'vikranth_gazebo'
[0.372s] Level 1:colcon.colcon_core.package_discovery:discover_packages(recursive) using defaults
[0.372s] Level 1:colcon.colcon_core.package_discovery:discover_packages(ignore) discover
[0.372s] Level 1:colcon.colcon_core.package_discovery:discover_packages(ignore) using defaults
[0.372s] Level 1:colcon.colcon_core.package_discovery:discover_packages(path) discover
[0.372s] Level 1:colcon.colcon_core.package_discovery:discover_packages(path) using defaults
[0.402s] Level 1:colcon.colcon_core.package_discovery:discover_packages(prefix_path) check parameters
[0.402s] Level 1:colcon.colcon_core.package_discovery:discover_packages(prefix_path) discover
[0.404s] DEBUG:colcon.colcon_installed_package_information.package_discovery:Found 1 installed packages in /home/vikranth/turtlebot3_ws/src/vikranth_gazebo/install
[0.405s] DEBUG:colcon.colcon_installed_package_information.package_discovery:Found 19 installed packages in /home/vikranth/turtlebot3_ws/install
[0.408s] DEBUG:colcon.colcon_installed_package_information.package_discovery:Found 464 installed packages in /opt/ros/humble
[0.411s] Level 1:colcon.colcon_core.package_discovery:discover_packages(prefix_path) using defaults
[0.478s] Level 5:colcon.colcon_core.verb:set package 'vikranth_gazebo' build argument 'cmake_args' from command line to 'None'
[0.478s] Level 5:colcon.colcon_core.verb:set package 'vikranth_gazebo' build argument 'cmake_target' from command line to 'None'
[0.478s] Level 5:colcon.colcon_core.verb:set package 'vikranth_gazebo' build argument 'cmake_target_skip_unavailable' from command line to 'False'
[0.478s] Level 5:colcon.colcon_core.verb:set package 'vikranth_gazebo' build argument 'cmake_clean_cache' from command line to 'False'
[0.478s] Level 5:colcon.colcon_core.verb:set package 'vikranth_gazebo' build argument 'cmake_clean_first' from command line to 'False'
[0.478s] Level 5:colcon.colcon_core.verb:set package 'vikranth_gazebo' build argument 'cmake_force_configure' from command line to 'False'
[0.478s] Level 5:colcon.colcon_core.verb:set package 'vikranth_gazebo' build argument 'ament_cmake_args' from command line to 'None'
[0.478s] Level 5:colcon.colcon_core.verb:set package 'vikranth_gazebo' build argument 'catkin_cmake_args' from command line to 'None'
[0.478s] Level 5:colcon.colcon_core.verb:set package 'vikranth_gazebo' build argument 'catkin_skip_building_tests' from command line to 'False'
[0.478s] DEBUG:colcon.colcon_core.verb:Building package 'vikranth_gazebo' with the following arguments: {'ament_cmake_args': None, 'build_base': '/home/vikranth/turtlebot3_ws/src/vikranth_gazebo/build/vikranth_gazebo', 'catkin_cmake_args': None, 'catkin_skip_building_tests': False, 'cmake_args': None, 'cmake_clean_cache': False, 'cmake_clean_first': False, 'cmake_force_configure': False, 'cmake_target': None, 'cmake_target_skip_unavailable': False, 'install_base': '/home/vikranth/turtlebot3_ws/src/vikranth_gazebo/install/vikranth_gazebo', 'merge_install': False, 'path': '/home/vikranth/turtlebot3_ws/src/vikranth_gazebo', 'symlink_install': False, 'test_result_base': None}
[0.479s] INFO:colcon.colcon_core.executor:Executing jobs using 'parallel' executor
[0.480s] DEBUG:colcon.colcon_parallel_executor.executor.parallel:run_until_complete
[0.481s] INFO:colcon.colcon_ros.task.ament_python.build:Building ROS package in '/home/vikranth/turtlebot3_ws/src/vikranth_gazebo' with build type 'ament_python'
[0.481s] Level 1:colcon.colcon_core.shell:create_environment_hook('vikranth_gazebo', 'ament_prefix_path')
[0.484s] INFO:colcon.colcon_core.plugin_system:Skipping extension 'colcon_core.shell.bat': Not used on non-Windows systems
[0.484s] INFO:colcon.colcon_core.shell:Creating environment hook '/home/vikranth/turtlebot3_ws/src/vikranth_gazebo/install/vikranth_gazebo/share/vikranth_gazebo/hook/ament_prefix_path.ps1'
[0.485s] INFO:colcon.colcon_core.shell:Creating environment descriptor '/home/vikranth/turtlebot3_ws/src/vikranth_gazebo/install/vikranth_gazebo/share/vikranth_gazebo/hook/ament_prefix_path.dsv'
[0.485s] INFO:colcon.colcon_core.shell:Creating environment hook '/home/vikranth/turtlebot3_ws/src/vikranth_gazebo/install/vikranth_gazebo/share/vikranth_gazebo/hook/ament_prefix_path.sh'
[0.486s] INFO:colcon.colcon_core.shell:Skip shell extension 'powershell' for command environment: Not usable outside of PowerShell
[0.486s] DEBUG:colcon.colcon_core.shell:Skip shell extension 'dsv' for command environment
[0.865s] INFO:colcon.colcon_core.task.python.build:Building Python package in '/home/vikranth/turtlebot3_ws/src/vikranth_gazebo'
[0.866s] INFO:colcon.colcon_core.shell:Skip shell extension 'powershell' for command environment: Not usable outside of PowerShell
[0.866s] DEBUG:colcon.colcon_core.shell:Skip shell extension 'dsv' for command environment
[1.344s] DEBUG:colcon.colcon_core.event_handler.log_command:Invoking command in '/home/vikranth/turtlebot3_ws/src/vikranth_gazebo': PYTHONPATH=/home/vikranth/turtlebot3_ws/src/vikranth_gazebo/build/vikranth_gazebo/prefix_override:/usr/lib/python3/dist-packages/colcon_core/task/python/colcon_distutils_commands:/home/vikranth/turtlebot3_ws/src/vikranth_gazebo/install/vikranth_gazebo/lib/python3.10/site-packages:${PYTHONPATH} /usr/bin/python3 -W ignore:setup.py install is deprecated -W ignore:easy_install command is deprecated setup.py egg_info --egg-base build/vikranth_gazebo build --build-base /home/vikranth/turtlebot3_ws/src/vikranth_gazebo/build/vikranth_gazebo/build install --record /home/vikranth/turtlebot3_ws/src/vikranth_gazebo/build/vikranth_gazebo/install.log --single-version-externally-managed install_data
[1.754s] DEBUG:colcon.colcon_core.event_handler.log_command:Invoked command in '/home/vikranth/turtlebot3_ws/src/vikranth_gazebo' returned '0': PYTHONPATH=/home/vikranth/turtlebot3_ws/src/vikranth_gazebo/build/vikranth_gazebo/prefix_override:/usr/lib/python3/dist-packages/colcon_core/task/python/colcon_distutils_commands:/home/vikranth/turtlebot3_ws/src/vikranth_gazebo/install/vikranth_gazebo/lib/python3.10/site-packages:${PYTHONPATH} /usr/bin/python3 -W ignore:setup.py install is deprecated -W ignore:easy_install command is deprecated setup.py egg_info --egg-base build/vikranth_gazebo build --build-base /home/vikranth/turtlebot3_ws/src/vikranth_gazebo/build/vikranth_gazebo/build install --record /home/vikranth/turtlebot3_ws/src/vikranth_gazebo/build/vikranth_gazebo/install.log --single-version-externally-managed install_data
[1.756s] Level 1:colcon.colcon_core.environment:checking '/home/vikranth/turtlebot3_ws/src/vikranth_gazebo/install/vikranth_gazebo' for CMake module files
[1.757s] Level 1:colcon.colcon_core.environment:checking '/home/vikranth/turtlebot3_ws/src/vikranth_gazebo/install/vikranth_gazebo' for CMake config files
[1.758s] Level 1:colcon.colcon_core.environment:checking '/home/vikranth/turtlebot3_ws/src/vikranth_gazebo/install/vikranth_gazebo/lib'
[1.758s] Level 1:colcon.colcon_core.environment:checking '/home/vikranth/turtlebot3_ws/src/vikranth_gazebo/install/vikranth_gazebo/bin'
[1.758s] Level 1:colcon.colcon_core.environment:checking '/home/vikranth/turtlebot3_ws/src/vikranth_gazebo/install/vikranth_gazebo/lib/pkgconfig/vikranth_gazebo.pc'
[1.758s] Level 1:colcon.colcon_core.environment:checking '/home/vikranth/turtlebot3_ws/src/vikranth_gazebo/install/vikranth_gazebo/lib/python3.10/site-packages'
[1.758s] Level 1:colcon.colcon_core.shell:create_environment_hook('vikranth_gazebo', 'pythonpath')
[1.759s] INFO:colcon.colcon_core.shell:Creating environment hook '/home/vikranth/turtlebot3_ws/src/vikranth_gazebo/install/vikranth_gazebo/share/vikranth_gazebo/hook/pythonpath.ps1'
[1.759s] INFO:colcon.colcon_core.shell:Creating environment descriptor '/home/vikranth/turtlebot3_ws/src/vikranth_gazebo/install/vikranth_gazebo/share/vikranth_gazebo/hook/pythonpath.dsv'
[1.760s] INFO:colcon.colcon_core.shell:Creating environment hook '/home/vikranth/turtlebot3_ws/src/vikranth_gazebo/install/vikranth_gazebo/share/vikranth_gazebo/hook/pythonpath.sh'
[1.761s] Level 1:colcon.colcon_core.environment:checking '/home/vikranth/turtlebot3_ws/src/vikranth_gazebo/install/vikranth_gazebo/bin'
[1.761s] Level 1:colcon.colcon_core.environment:create_environment_scripts_only(vikranth_gazebo)
[1.761s] INFO:colcon.colcon_core.shell:Creating package script '/home/vikranth/turtlebot3_ws/src/vikranth_gazebo/install/vikranth_gazebo/share/vikranth_gazebo/package.ps1'
[1.762s] INFO:colcon.colcon_core.shell:Creating package descriptor '/home/vikranth/turtlebot3_ws/src/vikranth_gazebo/install/vikranth_gazebo/share/vikranth_gazebo/package.dsv'
[1.763s] INFO:colcon.colcon_core.shell:Creating package script '/home/vikranth/turtlebot3_ws/src/vikranth_gazebo/install/vikranth_gazebo/share/vikranth_gazebo/package.sh'
[1.764s] INFO:colcon.colcon_core.shell:Creating package script '/home/vikranth/turtlebot3_ws/src/vikranth_gazebo/install/vikranth_gazebo/share/vikranth_gazebo/package.bash'
[1.765s] INFO:colcon.colcon_core.shell:Creating package script '/home/vikranth/turtlebot3_ws/src/vikranth_gazebo/install/vikranth_gazebo/share/vikranth_gazebo/package.zsh'
[1.766s] Level 1:colcon.colcon_core.environment:create_file_with_runtime_dependencies(/home/vikranth/turtlebot3_ws/src/vikranth_gazebo/install/vikranth_gazebo/share/colcon-core/packages/vikranth_gazebo)
[1.767s] DEBUG:colcon.colcon_parallel_executor.executor.parallel:closing loop
[1.767s] DEBUG:colcon.colcon_parallel_executor.executor.parallel:loop closed
[1.767s] DEBUG:colcon.colcon_parallel_executor.executor.parallel:run_until_complete finished with '0'
[1.767s] DEBUG:colcon.colcon_core.event_reactor:joining thread
[1.774s] INFO:colcon.colcon_core.plugin_system:Skipping extension 'colcon_notification.desktop_notification.terminal_notifier': Not used on non-Darwin systems
[1.774s] INFO:colcon.colcon_core.plugin_system:Skipping extension 'colcon_notification.desktop_notification.win32': Not used on non-Windows systems
[1.774s] INFO:colcon.colcon_notification.desktop_notification:Sending desktop notification using 'notify2'
[1.783s] DEBUG:colcon.colcon_core.event_reactor:joined thread
[1.784s] INFO:colcon.colcon_core.shell:Creating prefix script '/home/vikranth/turtlebot3_ws/src/vikranth_gazebo/install/local_setup.ps1'
[1.786s] INFO:colcon.colcon_core.shell:Creating prefix util module '/home/vikranth/turtlebot3_ws/src/vikranth_gazebo/install/_local_setup_util_ps1.py'
[1.788s] INFO:colcon.colcon_core.shell:Creating prefix chain script '/home/vikranth/turtlebot3_ws/src/vikranth_gazebo/install/setup.ps1'
[1.791s] INFO:colcon.colcon_core.shell:Creating prefix script '/home/vikranth/turtlebot3_ws/src/vikranth_gazebo/install/local_setup.sh'
[1.792s] INFO:colcon.colcon_core.shell:Creating prefix util module '/home/vikranth/turtlebot3_ws/src/vikranth_gazebo/install/_local_setup_util_sh.py'
[1.793s] INFO:colcon.colcon_core.shell:Creating prefix chain script '/home/vikranth/turtlebot3_ws/src/vikranth_gazebo/install/setup.sh'
[1.796s] INFO:colcon.colcon_core.shell:Creating prefix script '/home/vikranth/turtlebot3_ws/src/vikranth_gazebo/install/local_setup.bash'
[1.797s] INFO:colcon.colcon_core.shell:Creating prefix chain script '/home/vikranth/turtlebot3_ws/src/vikranth_gazebo/install/setup.bash'
[1.800s] INFO:colcon.colcon_core.shell:Creating prefix script '/home/vikranth/turtlebot3_ws/src/vikranth_gazebo/install/local_setup.zsh'
[1.800s] INFO:colcon.colcon_core.shell:Creating prefix chain script '/home/vikranth/turtlebot3_ws/src/vikranth_gazebo/install/setup.zsh'
